Script started on 2026-01-23 17:28:35+02:00 [COMMAND="cat "/tmp/rovodev_prompt_with_mode_6213_8.md" | acli rovodev run --config-file /tmp/rovodev_config_6213_1769181033.yml --yolo" TERM="xterm-256color" TTY="/dev/pts/4" COLUMNS="45" LINES="56"]
]11;?\[6n[?25l[32m⠋[0m Loading Rovo Dev...
[2K[1A[2K[32m⠙[0m Loading Rovo Dev...
[2K[1A[2K[32m⠹[0m Loading Rovo Dev...
[2K[1A[2K[32m⠸[0m Loading Rovo Dev...
[2K[1A[2K[32m⠼[0m Loading Rovo Dev...
[2K[1A[2K[32m⠴[0m Loading Rovo Dev...
[2K[1A[2K[32m⠦[0m Loading Rovo Dev...
[2K[1A[2K[32m⠧[0m Loading Rovo Dev...
[2K[1A[2K[32m⠇[0m Loading Rovo Dev...
[2K[1A[2K[32m⠋[0m Loading Rovo Dev...
[2K[1A[2K[32m⠙[0m Loading Rovo Dev...
[2K[1A[2K[32m⠹[0m Loading Rovo Dev...
[2K[1A[2K[32m⠸[0m Loading Rovo Dev...
[2K[1A[2K[32m⠼[0m Loading Rovo Dev...
[2K[1A[2K[32m⠴[0m Loading Rovo Dev...
[2K[1A[2K[32m⠦[0m Loading Rovo Dev...
[2K[1A[2K[32m⠇[0m Loading Rovo Dev...
[2K[1A[2K[32m⠏[0m Loading Rovo Dev...
[2K[1A[2K[32m⠋[0m Loading Rovo Dev...
^C[2K[1A[2K[32m⠋[0m Loading Rovo Dev...

[?25h[1A[2K[1A[2KTraceback (most recent call last):
  File "rovodev/__main__.py", line 3, in <module>
  File "<frozen importlib._bootstrap>", line 1360, in _find_and_load
  File "<frozen importlib._bootstrap>", line 1331, in _find_and_load_unlocked
  File "<frozen importlib._bootstrap>", line 935, in _load_unlocked
  File "PyInstaller/loader/pyimod02_importers.py", line 457, in exec_module
  File "rovodev/rovodev_cli.py", line 50, in <module>
  File "<frozen importlib._bootstrap>", line 1360, in _find_and_load
  File "<frozen importlib._bootstrap>", line 1331, in _find_and_load_unlocked
  File "<frozen importlib._bootstrap>", line 935, in _load_unlocked
  File "PyInstaller/loader/pyimod02_importers.py", line 457, in exec_module
  File "rovodev/commands/run/__init__.py", line 4, in <module>
  File "<frozen importlib._bootstrap>", line 1360, in _find_and_load
  File "<frozen importlib._bootstrap>", line 1331, in _find_and_load_unlocked
  File "<frozen importlib._bootstrap>", line 935, in _load_unlocked
  File "PyInstaller/loader/pyimod02_importers.py", line 457, in exec_module
  File "rovodev/commands/run/changelog.py", line 11, in <module>
  File "<frozen importlib._bootstrap>", line 1360, in _find_and_load
  File "<frozen importlib._bootstrap>", line 1331, in _find_and_load_unlocked
  File "<frozen importlib._bootstrap>", line 935, in _load_unlocked
  File "PyInstaller/loader/pyimod02_importers.py", line 457, in exec_module
  File "rovodev/commands/run/command_registry.py", line 69, in <module>
  File "<frozen importlib._bootstrap>", line 1360, in _find_and_load
  File "<frozen importlib._bootstrap>", line 1331, in _find_and_load_unlocked
  File "<frozen importlib._bootstrap>", line 935, in _load_unlocked
  File "PyInstaller/loader/pyimod02_importers.py", line 457, in exec_module
  File "nemo/agents/__init__.py", line 3, in <module>
  File "<frozen importlib._bootstrap>", line 1360, in _find_and_load
  File "<frozen importlib._bootstrap>", line 1331, in _find_and_load_unlocked
  File "<frozen importlib._bootstrap>", line 935, in _load_unlocked
  File "PyInstaller/loader/pyimod02_importers.py", line 457, in exec_module
  File "nemo/agents/acceptance_criteria_agent/agent.py", line 9, in <module>
  File "<frozen importlib._bootstrap>", line 1360, in _find_and_load
  File "<frozen importlib._bootstrap>", line 1331, in _find_and_load_unlocked
  File "<frozen importlib._bootstrap>", line 935, in _load_unlocked
  File "PyInstaller/loader/pyimod02_importers.py", line 457, in exec_module
  File "nemo/agent.py", line 12, in <module>
  File "<frozen importlib._bootstrap>", line 1360, in _find_and_load
  File "<frozen importlib._bootstrap>", line 1331, in _find_and_load_unlocked
  File "<frozen importlib._bootstrap>", line 935, in _load_unlocked
  File "PyInstaller/loader/pyimod02_importers.py", line 457, in exec_module
  File "nemo/core/__init__.py", line 3, in <module>
  File "<frozen importlib._bootstrap>", line 1360, in _find_and_load
  File "<frozen importlib._bootstrap>", line 1331, in _find_and_load_unlocked
  File "<frozen importlib._bootstrap>", line 935, in _load_unlocked
  File "PyInstaller/loader/pyimod02_importers.py", line 457, in exec_module
  File "nemo/core/agent_definition.py", line 28, in <module>
  File "<frozen importlib._bootstrap>", line 1360, in _find_and_load
  File "<frozen importlib._bootstrap>", line 1331, in _find_and_load_unlocked
  File "<frozen importlib._bootstrap>", line 935, in _load_unlocked
  File "PyInstaller/loader/pyimod02_importers.py", line 457, in exec_module
  File "nemo/core/callback.py", line 15, in <module>
  File "<frozen importlib._bootstrap>", line 1360, in _find_and_load
  File "<frozen importlib._bootstrap>", line 1331, in _find_and_load_unlocked
  File "<frozen importlib._bootstrap>", line 935, in _load_unlocked
  File "PyInstaller/loader/pyimod02_importers.py", line 457, in exec_module
  File "nemo/core/session_context.py", line 12, in <module>
  File "<frozen importlib._bootstrap>", line 1360, in _find_and_load
  File "<frozen importlib._bootstrap>", line 1331, in _find_and_load_unlocked
  File "<frozen importlib._bootstrap>", line 935, in _load_unlocked
  File "PyInstaller/loader/pyimod02_importers.py", line 457, in exec_module
  File "fastapi/__init__.py", line 7, in <module>
  File "<frozen importlib._bootstrap>", line 1360, in _find_and_load
  File "<frozen importlib._bootstrap>", line 1331, in _find_and_load_unlocked
  File "<frozen importlib._bootstrap>", line 935, in _load_unlocked
  File "PyInstaller/loader/pyimod02_importers.py", line 457, in exec_module
  File "fastapi/applications.py", line 16, in <module>
  File "<frozen importlib._bootstrap>", line 1360, in _find_and_load
  File "<frozen importlib._bootstrap>", line 1331, in _find_and_load_unlocked
  File "<frozen importlib._bootstrap>", line 935, in _load_unlocked
  File "PyInstaller/loader/pyimod02_importers.py", line 457, in exec_module
  File "fastapi/routing.py", line 25, in <module>
  File "<frozen importlib._bootstrap>", line 1360, in _find_and_load
  File "<frozen importlib._bootstrap>", line 1331, in _find_and_load_unlocked
  File "<frozen importlib._bootstrap>", line 935, in _load_unlocked
  File "PyInstaller/loader/pyimod02_importers.py", line 457, in exec_module
  File "fastapi/params.py", line 5, in <module>
  File "<frozen importlib._bootstrap>", line 1360, in _find_and_load
  File "<frozen importlib._bootstrap>", line 1331, in _find_and_load_unlocked
  File "<frozen importlib._bootstrap>", line 935, in _load_unlocked
  File "PyInstaller/loader/pyimod02_importers.py", line 457, in exec_module
  File "fastapi/openapi/models.py", line 253, in <module>
  File "pydantic/_internal/_model_construction.py", line 252, in __new__
  File "pydantic/_internal/_model_construction.py", line 642, in complete_model_class
  File "pydantic/_internal/_generate_schema.py", line 724, in generate_schema
  File "pydantic/_internal/_generate_schema.py", line 1018, in _generate_schema_inner
  File "pydantic/_internal/_generate_schema.py", line 851, in _model_schema
  File "pydantic/_internal/_generate_schema.py", line 1222, in _generate_md_field_schema
  File "pydantic/_internal/_generate_schema.py", line 1273, in _common_field_schema
  File "pydantic/_internal/_generate_schema.py", line 2202, in _apply_annotations
  File "pydantic/_internal/_schema_generation_shared.py", line 83, in __call__
  File "pydantic/_internal/_generate_schema.py", line 2181, in inner_handler
  File "pydantic/_internal/_generate_schema.py", line 1023, in _generate_schema_inner
  File "pydantic/_internal/_generate_schema.py", line 1139, in match_type
  File "pydantic/_internal/_generate_schema.py", line 1162, in _match_generic_type
  File "pydantic/_internal/_generate_schema.py", line 1330, in _union_schema
  File "pydantic/_internal/_generate_schema.py", line 724, in generate_schema
  File "pydantic/_internal/_generate_schema.py", line 1018, in _generate_schema_inner
  File "pydantic/_internal/_generate_schema.py", line 851, in _model_schema
  File "pydantic/_internal/_generate_schema.py", line 1223, in _generate_md_field_schema
  File "pydantic_core/core_schema.py", line 3082, in model_field
  File "pydantic_core/core_schema.py", line 4315, in _dict_not_none
KeyboardInterrupt
[PYI-7090:ERROR] Failed to execute script '__main__' due to unhandled exception!
^C^C
Script done on 2026-01-23 17:28:38+02:00 [COMMAND_EXIT_CODE="130"]
