=== Gap Radar - Automated Gap Discovery ===

Mode: Analyzing current verifier output
Extracting errors from: /home/grafe/code/brain/.verify/latest.txt

Running in DRY RUN mode (no files modified)
→ Extracting errors from /home/grafe/code/brain/.verify/latest.txt...
  Found 0 errors
✓ No errors found - nothing to suggest

=== Gap Radar Complete ===
=== Gap Radar - Automated Gap Discovery ===

Mode: Analyzing current verifier output
Extracting errors from: /home/grafe/code/brain/.verify/latest.txt

Running in DRY RUN mode (no files modified)
→ Extracting errors from /home/grafe/code/brain/.verify/latest.txt...
  Found 0 errors
✓ No errors found - nothing to suggest

=== Gap Radar Complete ===
=== Gap Radar - Automated Gap Discovery ===

Mode: Analyzing current verifier output
Extracting errors from: /home/grafe/code/brain/.verify/latest.txt

Running in DRY RUN mode (no files modified)
→ Extracting errors from /home/grafe/code/brain/.verify/latest.txt...
  Found 0 errors
✓ No errors found - nothing to suggest

=== Gap Radar Complete ===
=== Gap Radar - Automated Gap Discovery ===

Mode: Analyzing current verifier output
Extracting errors from: /home/grafe/code/brain/.verify/latest.txt

Running in DRY RUN mode (no files modified)
→ Extracting errors from /home/grafe/code/brain/.verify/latest.txt...
  Found 0 errors
✓ No errors found - nothing to suggest

=== Gap Radar Complete ===
=== Gap Radar - Automated Gap Discovery ===

Mode: Analyzing current verifier output
Extracting errors from: /home/grafe/code/brain/.verify/latest.txt

Running in DRY RUN mode (no files modified)
→ Extracting errors from /home/grafe/code/brain/.verify/latest.txt...
  Found 0 errors
✓ No errors found - nothing to suggest

=== Gap Radar Complete ===
=== Gap Radar - Automated Gap Discovery ===

Mode: Analyzing current verifier output
Extracting errors from: /home/grafe/code/brain/.verify/latest.txt

Running in DRY RUN mode (no files modified)
→ Extracting errors from /home/grafe/code/brain/.verify/latest.txt...
  Found 0 errors
✓ No errors found - nothing to suggest

=== Gap Radar Complete ===
=== Gap Radar - Automated Gap Discovery ===

Mode: Analyzing current verifier output
Extracting errors from: /home/grafe/code/brain/.verify/latest.txt

Running in DRY RUN mode (no files modified)
→ Extracting errors from /home/grafe/code/brain/.verify/latest.txt...
  Found 0 errors
✓ No errors found - nothing to suggest

=== Gap Radar Complete ===
=== Gap Radar - Automated Gap Discovery ===

Mode: Analyzing current verifier output
Extracting errors from: /home/grafe/code/brain/.verify/latest.txt

Running in DRY RUN mode (no files modified)
→ Extracting errors from /home/grafe/code/brain/.verify/latest.txt...
  Found 0 errors
✓ No errors found - nothing to suggest

=== Gap Radar Complete ===
=== Gap Radar - Automated Gap Discovery ===

Mode: Analyzing current verifier output
Extracting errors from: /home/grafe/code/brain/.verify/latest.txt

Running in DRY RUN mode (no files modified)
→ Extracting errors from /home/grafe/code/brain/.verify/latest.txt...
  Found 0 errors
✓ No errors found - nothing to suggest

=== Gap Radar Complete ===
=== Gap Radar - Automated Gap Discovery ===

Mode: Analyzing current verifier output
Extracting errors from: /home/grafe/code/brain/.verify/latest.txt

Running in DRY RUN mode (no files modified)
→ Extracting errors from /home/grafe/code/brain/.verify/latest.txt...
  Found 0 errors
✓ No errors found - nothing to suggest

=== Gap Radar Complete ===
=== Gap Radar - Automated Gap Discovery ===

Mode: Analyzing current verifier output
Extracting errors from: /home/grafe/code/brain/.verify/latest.txt

Running in DRY RUN mode (no files modified)
→ Extracting errors from /home/grafe/code/brain/.verify/latest.txt...
  Found 0 errors
✓ No errors found - nothing to suggest

=== Gap Radar Complete ===
=== Gap Radar - Automated Gap Discovery ===

Mode: Analyzing current verifier output
Extracting errors from: /home/grafe/code/brain/.verify/latest.txt

Running in DRY RUN mode (no files modified)
→ Extracting errors from /home/grafe/code/brain/.verify/latest.txt...
  Found 0 errors
✓ No errors found - nothing to suggest

=== Gap Radar Complete ===
=== Gap Radar - Automated Gap Discovery ===

Mode: Analyzing current verifier output
Extracting errors from: /home/grafe/code/brain/.verify/latest.txt

Running in DRY RUN mode (no files modified)
→ Extracting errors from /home/grafe/code/brain/.verify/latest.txt...
  Found 0 errors
✓ No errors found - nothing to suggest

=== Gap Radar Complete ===
=== Gap Radar - Automated Gap Discovery ===

Mode: Analyzing current verifier output
Extracting errors from: /home/grafe/code/brain/.verify/latest.txt

Running in DRY RUN mode (no files modified)
→ Extracting errors from /home/grafe/code/brain/.verify/latest.txt...
  Found 0 errors
✓ No errors found - nothing to suggest

=== Gap Radar Complete ===
=== Gap Radar - Automated Gap Discovery ===

Mode: Analyzing current verifier output
Extracting errors from: /home/grafe/code/brain/.verify/latest.txt

Running in DRY RUN mode (no files modified)
→ Extracting errors from /home/grafe/code/brain/.verify/latest.txt...
  Found 0 errors
✓ No errors found - nothing to suggest

=== Gap Radar Complete ===
=== Gap Radar - Automated Gap Discovery ===

Mode: Analyzing current verifier output
Extracting errors from: /home/grafe/code/brain/.verify/latest.txt

Running in DRY RUN mode (no files modified)
→ Extracting errors from /home/grafe/code/brain/.verify/latest.txt...
  Found 0 errors
✓ No errors found - nothing to suggest

=== Gap Radar Complete ===
=== Gap Radar - Automated Gap Discovery ===

Mode: Analyzing current verifier output
Extracting errors from: /home/grafe/code/brain/.verify/latest.txt

Running in DRY RUN mode (no files modified)
→ Extracting errors from /home/grafe/code/brain/.verify/latest.txt...
  Found 0 errors
✓ No errors found - nothing to suggest

=== Gap Radar Complete ===
=== Gap Radar - Automated Gap Discovery ===

Mode: Analyzing current verifier output
Extracting errors from: /home/grafe/code/brain/.verify/latest.txt

Running in DRY RUN mode (no files modified)
→ Extracting errors from /home/grafe/code/brain/.verify/latest.txt...
  Found 0 errors
✓ No errors found - nothing to suggest

=== Gap Radar Complete ===
=== Gap Radar - Automated Gap Discovery ===

Mode: Analyzing current verifier output
Extracting errors from: /home/grafe/code/brain/.verify/latest.txt

Running in DRY RUN mode (no files modified)
→ Extracting errors from /home/grafe/code/brain/.verify/latest.txt...
  Found 0 errors
✓ No errors found - nothing to suggest

=== Gap Radar Complete ===
