[36m
────────────────────────────────────────────────────────────[0m
[36mCerebras Agent | Model: zai-glm-4.7 | Max turns: 8[0m
[36m────────────────────────────────────────────────────────────[0m
[90m
── Turn 1/8 ──[0m
[90m  [turn=1 model=zai-glm-4.7 p=1804 c=200 t=2004 cum=2004][0m
I'll perform the dry-run test task by creating the test file and verifying it.
[90m  → write_file(path='tmp_rovodev_test.md', content='# Test File\n\nCreated by Cer)[0m
[90m    ✓ [wrote 89 bytes to tmp_rovodev_test.md]...[0m
[90m
── Turn 2/8 ──[0m
[33m  Rate limited, waiting 5s...[0m
[90m  [turn=2 model=zai-glm-4.7 p=2021 c=38 t=2059 cum=4063][0m
[90m  → read_file(path='tmp_rovodev_test.md')[0m
[90m    ✓ [4 lines]
# Test File

Created by Cerebras agent dry-run test.
Timestamp: 2026-01-24T02:48:18+02:00...[0m
[90m
── Turn 3/8 ──[0m
[90m  [turn=3 model=zai-glm-4.7 p=2101 c=72 t=2173 cum=6236][0m
:::BUILD_READY:::
[32m
✓ Agent completed (6236 tokens)[0m
