[36m
────────────────────────────────────────────────────────────[0m
[36mCerebras Agent | Model: zai-glm-4.7 | Max turns: 15[0m
[36m────────────────────────────────────────────────────────────[0m
[90m
── Turn 1/15 ──[0m
I'll help you analyze the next task in dry-run mode. Let me start by checking the verification status and reading the implementation plan.
[90m  → read_file(path='/home/grafe/code/brain/worker)[0m
[31m    ✗ Not found: /home/grafe/code/brain/workers/cerebras/.verify/latest.txt[0m
[90m  → read_file(path='/home/grafe/code/brain/worker)[0m
[90m    ✓ [135 lines]
# Implementation Plan - Brain Repository

**Status:** Active  
**Branch:** `brain-work` ...[0m
[90m
── Turn 2/15 ──[0m
[90m  → tail_file(path='/home/grafe/code/brain/worker, lines=80)[0m
[90m    ✓ [last 80 of 135 lines]
  - **Note:** Regex fix would require changing AC.rules (protected file)

###...[0m
[90m
── Turn 3/15 ──[0m
[90m  → read_file(path='/home/grafe/code/brain/worker)[0m
[90m    ✓ [135 lines]
# Implementation Plan - Brain Repository

**Status:** Active  
**Branch:** `brain-work` ...[0m
[90m
── Turn 4/15 ──[0m
[90m  → grep(pattern='^- \\[ \\]', path='/home/grafe/code/brain/worker)[0m
[90m    ✓ [1 matches]
78:- [ ] **9.1.2** Update `loop.sh` hash baseline (human approved change)...[0m
[90m
── Turn 5/15 ──[0m
[33m  Retry 1: 422 Client Error: Unprocessable Entity for url: https://api.cerebras.ai/v1/chat/completions[0m
[33m  Retry 2: 422 Client Error: Unprocessable Entity for url: https://api.cerebras.ai/v1/chat/completions[0m
[33m  Retry 3: 422 Client Error: Unprocessable Entity for url: https://api.cerebras.ai/v1/chat/completions[0m
