[36m
────────────────────────────────────────────────────────────[0m
[36mCerebras Agent | Model: zai-glm-4.7 | Max turns: 24[0m
[36m────────────────────────────────────────────────────────────[0m
[90m
── Turn 1/24 ──[0m
[90m  [turn=1 model=zai-glm-4.7 p=5506 c=45 t=5551 cum=5551][0m
[90m  → read_file(path='.verify/latest.txt')[0m
[90m    ✓ [1 lines]
...[0m
[90m
── Turn 2/24 ──[0m
[90m  [turn=2 model=zai-glm-4.7 p=5560 c=34 t=5594 cum=11145][0m
[90m  → git_status()[0m
[90m    ✓ Branch: brain-work

Status:
(clean)

Recent:
d614cde fix(cerebras): prevent reconnaissance loop with...[0m
[90m
── Turn 3/24 ──[0m
[33m  Rate limited, waiting 5s...[0m
[90m  [turn=3 model=zai-glm-4.7 p=5667 c=40 t=5707 cum=16852][0m
[90m  → read_file(path='workers/IMPLEMENTATION_PLAN.m)[0m
[90m    ✓ [162 lines]
# Implementation Plan - Brain Repository

**Last Updated:** 2026-01-24 (Plan Mode - Ralp...[0m
[90m
── Turn 4/24 ──[0m
[90m  [turn=4 model=zai-glm-4.7 p=6724 c=44 t=6768 cum=23620][0m
[90m  → read_file(path='workers/IMPLEMENTATION_PLAN.m, lines=100, offset=100)[0m
[90m    ✓ [162 lines]
# Implementation Plan - Brain Repository

**Last Updated:** 2026-01-24 (Plan Mode - Ralp...[0m
[90m
── Turn 5/24 ──[0m
[90m  [turn=5 model=zai-glm-4.7 p=7785 c=36 t=7821 cum=31441][0m
[90m  → tail_file(path='workers/IMPLEMENTATION_PLAN.m, lines=62)[0m
[90m    ✓ [last 62 of 162 lines]
  - **Depends on:** 12.2.2, 12.2.3
  - **AC:** `pytest tools/rollflow_analyze...[0m
[90m
── Turn 6/24 ──[0m
[90m  [turn=6 model=zai-glm-4.7 p=8569 c=35 t=8604 cum=40045][0m
[90m  → read_file(path='skills/SUMMARY.md')[0m
[90m    ✓ [185 lines]
# Skills Summary

## 🚨 Error Quick Reference (Check Here First When Errors Occur!)

**Wh...[0m
[90m
── Turn 7/24 ──[0m
[90m  [turn=7 model=zai-glm-4.7 p=9592 c=31 t=9623 cum=49668][0m
[90m  → read_file(path='THOUGHTS.md')[0m
[90m    ✓ [267 lines]
# THOUGHTS - Brain Repository Strategic Vision

**Purpose:** This file defines the brain...[0m
[33m    [context file - will prune after STATE][0m
[90m
── Turn 8/24 ──[0m
[33m  Rate limited, waiting 5s...[0m
[90m  [turn=8 model=zai-glm-4.7 p=10346 c=600 t=10946 cum=60614][0m
[90m  → think(thought='STATE: Mode=PLAN; Goal=Review)[0m
[90m    ✓ [thought: 978 chars]...[0m
[32m    [STATE saved - single-slot, not accumulating][0m
[90m  [pruned context read][0m
[90m
── Turn 9/24 ──[0m
[90m  [turn=9 model=zai-glm-4.7 p=10082 c=57 t=10139 cum=70753][0m
[90m  → read_file(path='THOUGHTS.md')[0m
[33m    ⊘ [BLOCKED: THOUGHTS.md already read. Use existing STATE.][0m
[90m
── Turn 10/24 ──[0m
[90m  [turn=10 model=zai-glm-4.7 p=10160 c=45 t=10205 cum=80958][0m
[90m  → read_file(path='NEURONS.md')[0m
[90m    ✓ [305 lines]
# NEURONS.md - Brain Repository Map

**Last Updated:** 2026-01-22

## Quick Reference

|...[0m
[33m    [context file - will prune after STATE][0m
[90m  [pruned context read][0m
[90m
── Turn 11/24 ──[0m
[33m  Rate limited, waiting 5s...[0m
[33m  Rate limited, waiting 10s...[0m
[33m  Rate limited, waiting 20s...[0m
[90m  [turn=11 model=zai-glm-4.7 p=10160 c=45 t=10205 cum=91163][0m
[90m  → read_file(path='NEURONS.md')[0m
[33m    ⊘ [BLOCKED: NEURONS.md already read. Use existing STATE.][0m
[90m
── Turn 12/24 ──[0m
[90m  [turn=12 model=zai-glm-4.7 p=10225 c=42 t=10267 cum=101430][0m
None
[90m  → read_file(path='skills/index.md')[0m
[90m    ✓ [144 lines]
# Skills Index

Catalog of all skill files in the brain system.

---

## How to Use This...[0m
[90m
── Turn 13/24 ──[0m
[33m  Rate limited, waiting 5s...[0m
[90m  [turn=13 model=zai-glm-4.7 p=11204 c=163 t=11367 cum=112797][0m
[90m  → grep(pattern='Cortex adds new Task', path='workers/IMPLEMENTATION_PLAN.m)[0m
[90m    ✓ [1 matches]
7:<!-- Cortex adds new Task Contracts below this line -->...[0m
[90m
── Turn 14/24 ──[0m
[90m  [turn=14 model=zai-glm-4.7 p=11388 c=57 t=11445 cum=124242][0m
None
[90m  → list_dir(path='tools/rollflow_analyze')[0m
[90m    ✓ .pytest_cache/
.venv/
README.md
__init__.py
__main__.py
__pycache__/
pyproject.toml
samples/
src/
te...[0m
[90m
── Turn 15/24 ──[0m
[90m  [turn=15 model=zai-glm-4.7 p=11486 c=65 t=11551 cum=135793][0m
None
[90m  → read_file(path='tools/rollflow_analyze/src/ro)[0m
[90m    ✓ [4 lines]
"""RollFlow Log Analyzer - Parse loop logs, detect tool calls, compute cache advice."""

_...[0m
[90m  [pruned 12 messages][0m
[32m    [re-injected persistent state after prune][0m
[90m
── Turn 16/24 ──[0m
[90m  [turn=16 model=zai-glm-4.7 p=7882 c=41 t=7923 cum=143716][0m
None
[90m  → read_file(path='tools/rollflow_analyze/src/ro)[0m
[90m    ✓ [8 lines]
"""Entry point for python -m rollflow_analyze."""

import sys
from .cli import main

if __...[0m
[90m
── Turn 17/24 ──[0m
[90m  [turn=17 model=zai-glm-4.7 p=7965 c=39 t=8004 cum=151720][0m
None
[90m  → read_file(path='tools/rollflow_analyze/src/ro)[0m
[90m    ✓ [213 lines]
"""Command-line interface for RollFlow log analyzer."""

import argparse
import sys
from...[0m
[90m
── Turn 18/24 ──[0m
[90m  [turn=18 model=zai-glm-4.7 p=8895 c=42 t=8937 cum=160657][0m
None
[90m  → tail_file(path='tools/rollflow_analyze/src/ro)[0m
[90m    ✓ [last 20 of 213 lines]
                    fail_count += 1

            if args.verbose:
           ...[0m
[90m
── Turn 19/24 ──[0m
[90m  [turn=19 model=zai-glm-4.7 p=9082 c=42 t=9124 cum=169781][0m
None
[90m  → read_file(path='tools/rollflow_analyze/src/ro)[0m
[90m    ✓ [208 lines]
"""Report generation for RollFlow analysis."""

import json
from dataclasses import asdi...[0m
[90m
── Turn 20/24 ──[0m
[33m  Rate limited, waiting 5s...[0m
[90m  [turn=20 model=zai-glm-4.7 p=10091 c=44 t=10135 cum=179916][0m
None
[90m  → tail_file(path='tools/rollflow_analyze/src/ro)[0m
[90m    ✓ [last 20 of 208 lines]
        "",
        f"**Generated:** {report.generated_at.isoformat()}",
    ...[0m
[90m
── Turn 21/24 ──[0m
[90m  [turn=21 model=zai-glm-4.7 p=10321 c=41 t=10362 cum=190278][0m
None
[90m  → read_file(path='tools/rollflow_analyze/src/ro)[0m
[90m    ✓ [71 lines]
"""Data models for RollFlow log analysis."""

from dataclasses import dataclass, field
fr...[0m
[90m  [pruned 28 messages][0m
[32m    [re-injected persistent state after prune][0m
[90m
── Turn 22/24 ──[0m
[33m  Rate limited, waiting 5s...[0m
[33m  Rate limited, waiting 10s...[0m
[33m  Rate limited, waiting 20s...[0m
[33m  Rate limited, waiting 40s...[0m
[90m  [turn=22 model=zai-glm-4.7 p=1507 c=130 t=1637 cum=191915][0m
I'll proceed from the current state. Let me start by reviewing the implementation plan and maintenance checklist.
[90m  → read_file(path='workers/IMPLEMENTATION_PLAN.m)[0m
[90m    ✓ [162 lines]
# Implementation Plan - Brain Repository

**Last Updated:** 2026-01-24 (Plan Mode - Ralp...[0m
[90m
── Turn 23/24 ──[0m
[90m  [turn=23 model=zai-glm-4.7 p=2653 c=44 t=2697 cum=194612][0m
[90m  → tail_file(path='workers/IMPLEMENTATION_PLAN.m, lines=80)[0m
[90m    ✓ [last 80 of 162 lines]
  - **Depends on:** 12.1.2, 12.4.1
  - **AC:** Repeated run shows at least on...[0m
[90m
── Turn 24/24 ──[0m
[90m  [turn=24 model=zai-glm-4.7 p=3717 c=210 t=3927 cum=198539][0m
[90m  → bash(command='ls -la artifacts/rollflow_rep)[0m
[90m    ✓ total 40
drwxr-xr-x 2 grafe grafe 4096 Jan 24 15:10 .
drwxr-xr-x 4 grafe grafe 4096 Jan 24 13:41 ..
...[0m
[33m
⚠ Max turns reached (198539 tokens)[0m
