[36m
────────────────────────────────────────────────────────────[0m
[36mCerebras Agent | Model: zai-glm-4.7 | Max turns: 24[0m
[36m────────────────────────────────────────────────────────────[0m
[90m
── Turn 1/24 ──[0m
[90m  [turn=1 model=zai-glm-4.7 p=5506 c=96 t=5602 cum=5602][0m
I'll start by checking the verifier status as required.
[90m  → read_file(path='.verify/latest.txt')[0m
[90m    ✓ [1 lines]
...[0m
[90m
── Turn 2/24 ──[0m
[90m  [turn=2 model=zai-glm-4.7 p=5610 c=38 t=5648 cum=11250][0m
[90m  → bash(command='cat .verify/latest.txt')[0m
[90m    ✓ [exit: 0]...[0m
[90m
── Turn 3/24 ──[0m
[90m  [turn=3 model=zai-glm-4.7 p=5659 c=60 t=5719 cum=16969][0m
[90m  → bash(command='ls -la .verify/')[0m
[90m    ✓ total 64
drwxr-xr-x  4 grafe grafe 4096 Jan 24 15:00 .
drwxr-xr-x 18 grafe grafe 4096 Jan 24 14:50 ....[0m
[90m
── Turn 4/24 ──[0m
[90m  [turn=4 model=zai-glm-4.7 p=6147 c=289 t=6436 cum=23405][0m
[90m  → think(thought="STATE: Task=PLAN; Goal=Gather)[0m
[90m    ✓ [thought: 636 chars]...[0m
[32m    [STATE saved - single-slot, not accumulating][0m
[90m
── Turn 5/24 ──[0m
[90m  [turn=5 model=zai-glm-4.7 p=6445 c=89 t=6534 cum=29939][0m
[90m  → read_file(path='skills/SUMMARY.md')[0m
[90m    ✓ [185 lines]
# Skills Summary

## 🚨 Error Quick Reference (Check Here First When Errors Occur!)

**Wh...[0m
[90m  → read_file(path='skills/index.md')[0m
[90m    ✓ [144 lines]
# Skills Index

Catalog of all skill files in the brain system.

---

## How to Use This...[0m
[90m  → read_file(path='THOUGHTS.md')[0m
[90m    ✓ [267 lines]
# THOUGHTS - Brain Repository Strategic Vision

**Purpose:** This file defines the brain...[0m
[33m    [context file - will prune after STATE][0m
[90m  → bash(command='test -f workers/IMPLEMENTATIO)[0m
[90m    ✓ EXISTS

[exit: 0]...[0m
[90m  [pruned context read][0m
[90m
── Turn 6/24 ──[0m
[90m  [turn=6 model=zai-glm-4.7 p=8454 c=72 t=8526 cum=38465][0m
[90m  → read_file(path='workers/IMPLEMENTATION_PLAN.m)[0m
[90m    ✓ [162 lines]
# Implementation Plan - Brain Repository

**Last Updated:** 2026-01-24 (Plan Mode - Ralp...[0m
[90m  → bash(command='test -f THOUGHTS.md && echo ")[0m
[90m    ✓ EXISTS

[exit: 0]...[0m
[90m
── Turn 7/24 ──[0m
[90m  [turn=7 model=zai-glm-4.7 p=9554 c=41 t=9595 cum=48060][0m
None
[90m  → read_file(path='THOUGHTS.md')[0m
[33m    ⊘ [BLOCKED: THOUGHTS.md already read. Use existing STATE.][0m
[90m
── Turn 8/24 ──[0m
[33m  Rate limited, waiting 5s...[0m
[90m  [turn=8 model=zai-glm-4.7 p=9615 c=33 t=9648 cum=57708][0m
None
[90m  → git_status()[0m
[90m    ✓ Branch: brain-work

Status:
(clean)

Recent:
d614cde fix(cerebras): prevent reconnaissance loop with...[0m
[90m
── Turn 9/24 ──[0m
[33m  Rate limited, waiting 5s...[0m
[33m  Rate limited, waiting 10s...[0m
[33m  Rate limited, waiting 20s...[0m
[90m  [turn=9 model=zai-glm-4.7 p=9720 c=358 t=10078 cum=67786][0m
[90m  → think(thought='STATE: Task=PLAN; Goal=Study )[0m
[90m    ✓ [thought: 661 chars]...[0m
[32m    [STATE saved - single-slot, not accumulating][0m
[90m
── Turn 10/24 ──[0m
[33m  Rate limited, waiting 5s...[0m
[33m  Rate limited, waiting 10s...[0m
[33m  Rate limited, waiting 20s...[0m
[90m  [turn=10 model=zai-glm-4.7 p=10087 c=60 t=10147 cum=77933][0m
None
[90m  → read_file(path='NEURONS.md')[0m
[90m    ✓ [305 lines]
# NEURONS.md - Brain Repository Map

**Last Updated:** 2026-01-22

## Quick Reference

|...[0m
[33m    [context file - will prune after STATE][0m
[90m  → tail_file(path='workers/ralph/THUNK.md', lines=50)[0m
[90m    ✓ [last 50 of 560 lines]
| 504 | 0.W.3 | HIGH | **0.W.3** Sync current_ralph_tasks.sh to templates/ral...[0m
[90m  [pruned context read][0m
[90m
── Turn 11/24 ──[0m
[90m  [turn=11 model=zai-glm-4.7 p=11354 c=47 t=11401 cum=89334][0m
[90m  → head_file(path='workers/ralph/THUNK.md', lines=100)[0m
[90m    ✓ [100 lines]
# THUNK - Completed Task Log

Persistent record of all completed tasks across IMPLEMENTA...[0m
[90m
── Turn 12/24 ──[0m
[90m  [turn=12 model=zai-glm-4.7 p=12779 c=65 t=12844 cum=102178][0m
[90m  → bash(command='grep -n "^## Phase" workers/I)[0m
[90m    ✓ 11:## Phase 0-Warn: Verifier Warnings
23:## Phase 0-Infra: Verifier Infrastructure Issue
36:## Phase...[0m
[90m  [pruned 27 messages][0m
[32m    [re-injected persistent state after prune][0m
[90m
── Turn 13/24 ──[0m
[90m  [turn=13 model=zai-glm-4.7 p=5693 c=26 t=5719 cum=107897][0m
[90m  → bash(command='cat .verify/latest.txt')[0m
[90m    ✓ [exit: 0]...[0m
[90m
── Turn 14/24 ──[0m
[90m  [turn=14 model=zai-glm-4.7 p=5730 c=235 t=5965 cum=113862][0m
[90m  → read_file(path='skills/SUMMARY.md')[0m
[90m    ✓ [185 lines]
# Skills Summary

## 🚨 Error Quick Reference (Check Here First When Errors Occur!)

**Wh...[0m
[90m  → read_file(path='THOUGHTS.md')[0m
[33m    ⊘ [BLOCKED: THOUGHTS.md already read. Use existing STATE.][0m
[90m  → read_file(path='workers/IMPLEMENTATION_PLAN.m)[0m
[90m    ✓ [162 lines]
# Implementation Plan - Brain Repository

**Last Updated:** 2026-01-24 (Plan Mode - Ralp...[0m
[90m  → read_file(path='NEURONS.md')[0m
[33m    ⊘ [BLOCKED: NEURONS.md already read. Use existing STATE.][0m
[90m
── Turn 15/24 ──[0m
[90m  [turn=15 model=zai-glm-4.7 p=8002 c=257 t=8259 cum=122121][0m
[90m  → read_file(path='workers/ralph/THUNK.md')[0m
[90m    ✓ [210 lines]
# THUNK - Completed Task Log

Persistent record of all completed tasks across IMPLEMENTA...[0m
[90m
── Turn 16/24 ──[0m
[90m  [turn=16 model=zai-glm-4.7 p=9637 c=59 t=9696 cum=131817][0m
[90m  → git_status()[0m
[90m    ✓ Branch: brain-work

Status:
(clean)

Recent:
d614cde fix(cerebras): prevent reconnaissance loop with...[0m
[90m
── Turn 17/24 ──[0m
[33m  Rate limited, waiting 5s...[0m
[33m  Rate limited, waiting 10s...[0m
[33m  Rate limited, waiting 20s...[0m
[33m  Rate limited, waiting 40s...[0m
[33m  Rate limited, waiting 60s...[0m
