[36m
────────────────────────────────────────────────────────────[0m
[36mCerebras Agent | Model: zai-glm-4.7 | Max turns: 15[0m
[36m────────────────────────────────────────────────────────────[0m
[90m
── Turn 1/15 ──[0m
I'll help you analyze the next task in dry-run mode. Let me start by checking the verification status and reading the implementation plan.
[90m  → read_file(path='/home/grafe/code/brain/worker)[0m
[31m    ✗ Not found: /home/grafe/code/brain/workers/cerebras/.verify/latest.txt[0m
[90m  → read_file(path='/home/grafe/code/brain/worker)[0m
[90m    ✓ [135 lines]
# Implementation Plan - Brain Repository

**Status:** Active  
**Branch:** `brain-work` ...[0m
[90m
── Turn 2/15 ──[0m
[90m  → tail_file(path='/home/grafe/code/brain/worker, lines=50)[0m
[90m    ✓ [last 50 of 135 lines]
  - **AC:** Hygiene.TemplateSync.2 check passes
  - **Fixes:** Hygiene.Templa...[0m
[90m
── Turn 3/15 ──[0m
[90m  → grep(pattern='^- \\[ \\]', path='/home/grafe/code/brain/worker)[0m
[90m    ✓ [1 matches]
78:- [ ] **9.1.2** Update `loop.sh` hash baseline (human approved change)...[0m
[90m
── Turn 4/15 ──[0m
