[36m
────────────────────────────────────────────────────────────[0m
[36mCerebras Agent | Model: zai-glm-4.7 | Max turns: 15[0m
[36m────────────────────────────────────────────────────────────[0m
[90m
── Turn 1/15 ──[0m
I'll help you analyze the first unchecked task in dry-run mode. Let me start by checking the verifier status and the implementation plan.
[90m  → read_file(path='/home/grafe/code/brain/worker)[0m
[90m    ✓ [381 lines]
Ralph Verifier Report
Time: 2026-01-23 14:07:49
Git:  9aaa425
AC:   /home/grafe/code/bra...[0m
[90m  → read_file(path='/home/grafe/code/brain/worker)[0m
[90m    ✓ [135 lines]
# Implementation Plan - Brain Repository

**Status:** Active  
**Branch:** `brain-work` ...[0m
[90m
── Turn 2/15 ──[0m
[90m  → read_file(path='/home/grafe/code/brain/worker, offset=80)[0m
[90m    ✓ [135 lines]
# Implementation Plan - Brain Repository

**Status:** Active  
**Branch:** `brain-work` ...[0m
[90m
── Turn 3/15 ──[0m
[90m  → grep(pattern='^- \\[ \\]', path='/home/grafe/code/brain/worker)[0m
[90m    ✓ [1 matches]
78:- [ ] **9.1.2** Update `loop.sh` hash baseline (human approved change)...[0m
[90m
── Turn 4/15 ──[0m
[90m  → think(thought='Analysis of the situation:\n\)[0m
[90m    ✓ [thought: 1061 chars]...[0m
[90m
── Turn 5/15 ──[0m
[90m  → read_file(path='/home/grafe/code/brain/worker)[0m
[90m    ✓ [2 lines]
55d6cf6a5b72a7bd00f61aa4307de27c2029b1dad92e8286e5819b79e5dd4a5f
...[0m
[90m  → read_file(path='/home/grafe/code/brain/.verif)[0m
[90m    ✓ [2 lines]
55d6cf6a5b72a7bd00f61aa4307de27c2029b1dad92e8286e5819b79e5dd4a5f
...[0m
[90m  → bash(command="cd /home/grafe/code/brain/wor)[0m
[90m    ✓ 9d3fa277286c11956583fdeec8de12aa9bf3bd553ba80a2b378a30222bdfa4b5

[exit: 0]...[0m
[90m
── Turn 6/15 ──[0m
[33m  Rate limited, waiting 5s...[0m
[90m  → grep(path='/home/grafe/code/brain/rules', pattern='Protected\\.1', include='*.rules')[0m
[90m    ✓ [1 matches]
/home/grafe/code/brain/rules/AC.rules:169:[Protected.1]...[0m
[90m
── Turn 7/15 ──[0m
[90m  → read_file(path='/home/grafe/code/brain/rules/, offset=165, lines=20)[0m
[90m    ✓ [524 lines]
# Ralph Acceptance Criteria Rules
# Format: INI-style stanzas
# Keys: mode, gate, desc, ...[0m
[90m
── Turn 8/15 ──[0m
None
[90m  → bash(command='grep -A 10 "^\\[Protected\\.1)[0m
[90m    ✓ [Protected.1]
mode=auto
gate=block
desc=loop.sh unchanged from baseline
cmd=sha256sum loop.sh | cut ...[0m
[90m  [pruned 19 messages][0m
[90m
── Turn 9/15 ──[0m
I'll help you analyze the first unchecked task in dry-run mode. Let me start by checking the verifier status and the implementation plan.
[90m  → read_file(path='/home/grafe/code/brain/worker)[0m
[90m    ✓ [381 lines]
Ralph Verifier Report
Time: 2026-01-23 14:07:49
Git:  9aaa425
AC:   /home/grafe/code/bra...[0m
[90m  → read_file(path='/home/grafe/code/brain/worker)[0m
[90m    ✓ [135 lines]
# Implementation Plan - Brain Repository

**Status:** Active  
**Branch:** `brain-work` ...[0m
[90m
── Turn 10/15 ──[0m
[90m  → tail_file(path='/home/grafe/code/brain/worker, lines=80)[0m
[90m    ✓ [last 80 of 135 lines]
  - **Note:** Regex fix would require changing AC.rules (protected file)

###...[0m
[90m
── Turn 11/15 ──[0m
[90m  → grep(pattern='^- \\[ \\]', path='/home/grafe/code/brain/worker)[0m
[90m    ✓ [1 matches]
78:- [ ] **9.1.2** Update `loop.sh` hash baseline (human approved change)...[0m
[90m
── Turn 12/15 ──[0m
[33m  Rate limited, waiting 5s...[0m
[33m  Rate limited, waiting 10s...[0m
[33m  Rate limited, waiting 20s...[0m
[33m  Rate limited, waiting 40s...[0m
[90m  → think(thought='Analysis of IMPLEMENTATION_PL)[0m
[90m    ✓ [thought: 915 chars]...[0m
[90m
── Turn 13/15 ──[0m
[90m  → read_file(path='/home/grafe/code/brain/worker, lines=20)[0m
[90m    ✓ [135 lines]
# Implementation Plan - Brain Repository

**Status:** Active  
**Branch:** `brain-work` ...[0m
[90m
── Turn 14/15 ──[0m
[90m  → tail_file(path='/home/grafe/code/brain/worker, lines=20)[0m
[90m    ✓ [last 20 of 135 lines]

- [x] **9.3.2** Fix unbalanced code fences in `THOUGHTS.md`
  - Add missing ...[0m
[90m
── Turn 15/15 ──[0m
[90m  → append_file(path='/home/grafe/code/brain/worker, content="---\n\n## Discoveries & Notes)[0m
[90m    ✓ [appended 1174 chars]...[0m
[33m
⚠ Max turns reached (98251 tokens)[0m
