[36m
────────────────────────────────────────────────────────────[0m
[36mCerebras Agent | Model: zai-glm-4.7 | Max turns: 8[0m
[36m────────────────────────────────────────────────────────────[0m
[90m
── Turn 1/8 ──[0m
I'll perform the dry-run test task by creating the test file and verifying it.
[90m  → write_file(path='tmp_rovodev_test.md', content='# Test File\n\nCreated by Cer)[0m
[90m    ✓ [wrote 89 bytes to tmp_rovodev_test.md]...[0m
[90m
── Turn 2/8 ──[0m
[90m  → read_file(path='tmp_rovodev_test.md')[0m
[90m    ✓ [4 lines]
# Test File

Created by Cerebras agent dry-run test.
Timestamp: 2026-01-24T02:14:41+02:00...[0m
[90m
── Turn 3/8 ──[0m
[33m  Rate limited, waiting 5s...[0m
[33m  Rate limited, waiting 10s...[0m
:::BUILD_READY:::
[32m
✓ Agent completed (6206 tokens)[0m
