[36m
────────────────────────────────────────────────────────────[0m
[36mCerebras Agent | Model: zai-glm-4.7 | Max turns: 8[0m
[36m────────────────────────────────────────────────────────────[0m
[33m  [verifier FAIL/WARN - context rereads allowed][0m
[90m
── Turn 1/8 ──[0m
[90m  [turn=1 model=zai-glm-4.7 p=1804 c=204 t=2008 cum=2008][0m
I'll perform the dry-run test task by creating the test file and verifying it.
[90m  → write_file(path='tmp_rovodev_test.md', content='# Test File\n\nCreated by Cer)[0m
[90m    ✓ [wrote 89 bytes to tmp_rovodev_test.md]...[0m
[90m
── Turn 2/8 ──[0m
[90m  [turn=2 model=zai-glm-4.7 p=2025 c=40 t=2065 cum=4073][0m
[90m  → read_file(path='tmp_rovodev_test.md')[0m
[90m    ✓ [4 lines]
# Test File

Created by Cerebras agent dry-run test.
Timestamp: 2026-01-24T02:38:44+02:00...[0m
[90m
── Turn 3/8 ──[0m
[90m  [turn=3 model=zai-glm-4.7 p=2107 c=102 t=2209 cum=6282][0m
:::BUILD_READY:::
[32m
✓ Agent completed (6282 tokens)[0m
